<?xml version="1.0" encoding="UTF-8"?>
<!-- Generated by org.testng.reporters.JUnitReportReporter -->
<testsuite hostname="LAPTOP-BH41G14T" failures="0" tests="2" name="com.crm.contacttest.ContactTest" time="0.009" errors="0" timestamp="18 Oct 2021 12:20:59 GMT" skipped="0">
  <testcase classname="com.crm.contacttest.ContactTest" name="editContactTest" time="0.001"/>
  <testcase classname="com.crm.contacttest.ContactTest" name="createContactTest" time="0.008"/>
</testsuite> <!-- com.crm.contacttest.ContactTest -->
